{"D:/js_project/my-Local-base/browser-base/client/src/App.tsx": {"path":"D:/js_project/my-Local-base/browser-base/client/src/App.tsx","statementMap":{"0":{"start":{"line":6,"column":11},"end":{"line":6,"column":null}},"1":{"start":{"line":14,"column":26},"end":{"line":14,"column":null}},"2":{"start":{"line":15,"column":2},"end":{"line":20,"column":null}},"3":{"start":{"line":16,"column":4},"end":{"line":19,"column":null}},"4":{"start":{"line":19,"column":19},"end":{"line":19,"column":29}},"5":{"start":{"line":21,"column":2},"end":{"line":65,"column":null}},"6":{"start":{"line":25,"column":10},"end":{"line":25,"column":null}},"7":{"start":{"line":26,"column":27},"end":{"line":26,"column":null}},"8":{"start":{"line":27,"column":10},"end":{"line":27,"column":null}},"9":{"start":{"line":28,"column":10},"end":{"line":28,"column":null}},"10":{"start":{"line":30,"column":10},"end":{"line":33,"column":null}},"11":{"start":{"line":34,"column":10},"end":{"line":34,"column":null}},"12":{"start":{"line":52,"column":12},"end":{"line":61,"column":null}}},"fnMap":{"0":{"name":"App","decl":{"start":{"line":13,"column":9},"end":{"line":13,"column":15}},"loc":{"start":{"line":13,"column":15},"end":{"line":67,"column":null}}},"1":{"name":"(anonymous_1)","decl":{"start":{"line":15,"column":12},"end":{"line":15,"column":18}},"loc":{"start":{"line":15,"column":18},"end":{"line":20,"column":5}}},"2":{"name":"(anonymous_2)","decl":{"start":{"line":19,"column":12},"end":{"line":19,"column":13}},"loc":{"start":{"line":19,"column":19},"end":{"line":19,"column":29}}},"3":{"name":"(anonymous_3)","decl":{"start":{"line":24,"column":18},"end":{"line":24,"column":19}},"loc":{"start":{"line":24,"column":25},"end":{"line":35,"column":null}}},"4":{"name":"(anonymous_4)","decl":{"start":{"line":51,"column":20},"end":{"line":51,"column":21}},"loc":{"start":{"line":52,"column":12},"end":{"line":61,"column":null}}},"5":{"name":"(anonymous_5)","decl":{"start":{"line":55,"column":25},"end":{"line":55,"column":31}},"loc":{"start":{"line":55,"column":31},"end":{"line":57,"column":null}}}},"branchMap":{"0":{"loc":{"start":{"line":49,"column":7},"end":{"line":63,"column":null}},"type":"binary-expr","locations":[{"start":{"line":49,"column":7},"end":{"line":49,"column":null}},{"start":{"line":50,"column":8},"end":{"line":63,"column":null}}]}},"s":{"0":0,"1":0,"2":0,"3":0,"4":0,"5":0,"6":0,"7":0,"8":0,"9":0,"10":0,"11":0,"12":0},"f":{"0":0,"1":0,"2":0,"3":0,"4":0,"5":0},"b":{"0":[0,0]}}
,"D:/js_project/my-Local-base/browser-base/client/src/main.tsx": {"path":"D:/js_project/my-Local-base/browser-base/client/src/main.tsx","statementMap":{"0":{"start":{"line":6,"column":0},"end":{"line":10,"column":null}}},"fnMap":{},"branchMap":{},"s":{"0":0},"f":{},"b":{}}
,"D:/js_project/my-Local-base/browser-base/src/browser-base.ts": {"path":"D:/js_project/my-Local-base/browser-base/src/browser-base.ts","statementMap":{"0":{"start":{"line":15,"column":21},"end":{"line":15,"column":37}},"1":{"start":{"line":10,"column":60},"end":{"line":10,"column":null}},"2":{"start":{"line":11,"column":34},"end":{"line":11,"column":null}},"3":{"start":{"line":13,"column":18},"end":{"line":13,"column":null}},"4":{"start":{"line":14,"column":27},"end":{"line":14,"column":null}},"5":{"start":{"line":18,"column":21},"end":{"line":18,"column":null}},"6":{"start":{"line":19,"column":4},"end":{"line":22,"column":null}},"7":{"start":{"line":20,"column":6},"end":{"line":20,"column":null}},"8":{"start":{"line":21,"column":6},"end":{"line":21,"column":null}},"9":{"start":{"line":23,"column":4},"end":{"line":23,"column":null}},"10":{"start":{"line":27,"column":4},"end":{"line":27,"column":null}},"11":{"start":{"line":31,"column":4},"end":{"line":31,"column":null}}},"fnMap":{"0":{"name":"(anonymous_0)","decl":{"start":{"line":15,"column":2},"end":{"line":15,"column":21}},"loc":{"start":{"line":15,"column":37},"end":{"line":15,"column":null}}},"1":{"name":"(anonymous_1)","decl":{"start":{"line":17,"column":9},"end":{"line":17,"column":23}},"loc":{"start":{"line":17,"column":47},"end":{"line":24,"column":null}}},"2":{"name":"(anonymous_2)","decl":{"start":{"line":26,"column":2},"end":{"line":26,"column":15}},"loc":{"start":{"line":26,"column":24},"end":{"line":28,"column":null}}},"3":{"name":"(anonymous_3)","decl":{"start":{"line":30,"column":9},"end":{"line":30,"column":19}},"loc":{"start":{"line":30,"column":36},"end":{"line":32,"column":null}}}},"branchMap":{"0":{"loc":{"start":{"line":19,"column":4},"end":{"line":22,"column":null}},"type":"if","locations":[{"start":{"line":19,"column":4},"end":{"line":22,"column":null}},{"start":{},"end":{}}]}},"s":{"0":10,"1":10,"2":10,"3":10,"4":10,"5":10,"6":10,"7":10,"8":10,"9":10,"10":2,"11":0},"f":{"0":10,"1":10,"2":2,"3":0},"b":{"0":[10,0]}}
,"D:/js_project/my-Local-base/browser-base/src/api/actions/add.ts": {"path":"D:/js_project/my-Local-base/browser-base/src/api/actions/add.ts","statementMap":{"0":{"start":{"line":15,"column":47},"end":{"line":15,"column":null}},"1":{"start":{"line":16,"column":2},"end":{"line":35,"column":null}},"2":{"start":{"line":17,"column":4},"end":{"line":19,"column":null}},"3":{"start":{"line":18,"column":6},"end":{"line":18,"column":null}},"4":{"start":{"line":20,"column":4},"end":{"line":34,"column":null}},"5":{"start":{"line":23,"column":8},"end":{"line":26,"column":null}},"6":{"start":{"line":27,"column":8},"end":{"line":27,"column":null}},"7":{"start":{"line":30,"column":8},"end":{"line":33,"column":null}}},"fnMap":{"0":{"name":"add","decl":{"start":{"line":10,"column":30},"end":{"line":10,"column":null}},"loc":{"start":{"line":14,"column":26},"end":{"line":36,"column":null}}},"1":{"name":"(anonymous_1)","decl":{"start":{"line":16,"column":21},"end":{"line":16,"column":22}},"loc":{"start":{"line":16,"column":43},"end":{"line":35,"column":3}}},"2":{"name":"(anonymous_2)","decl":{"start":{"line":22,"column":12},"end":{"line":22,"column":13}},"loc":{"start":{"line":22,"column":23},"end":{"line":28,"column":7}}},"3":{"name":"(anonymous_3)","decl":{"start":{"line":29,"column":13},"end":{"line":29,"column":14}},"loc":{"start":{"line":29,"column":23},"end":{"line":34,"column":7}}}},"branchMap":{"0":{"loc":{"start":{"line":17,"column":4},"end":{"line":19,"column":null}},"type":"if","locations":[{"start":{"line":17,"column":4},"end":{"line":19,"column":null}},{"start":{},"end":{}}]}},"s":{"0":58,"1":58,"2":58,"3":4,"4":58,"5":58,"6":58,"7":0},"f":{"0":58,"1":58,"2":58,"3":0},"b":{"0":[4,54]}}
,"D:/js_project/my-Local-base/browser-base/src/api/actions/delete.ts": {"path":"D:/js_project/my-Local-base/browser-base/src/api/actions/delete.ts","statementMap":{"0":{"start":{"line":10,"column":2},"end":{"line":13,"column":null}},"1":{"start":{"line":12,"column":4},"end":{"line":12,"column":null}},"2":{"start":{"line":14,"column":2},"end":{"line":22,"column":null}},"3":{"start":{"line":15,"column":4},"end":{"line":21,"column":null}},"4":{"start":{"line":17,"column":6},"end":{"line":17,"column":null}},"5":{"start":{"line":20,"column":6},"end":{"line":20,"column":null}},"6":{"start":{"line":25,"column":30},"end":{"line":25,"column":null}},"7":{"start":{"line":26,"column":2},"end":{"line":26,"column":null}},"8":{"start":{"line":27,"column":2},"end":{"line":27,"column":null}},"9":{"start":{"line":31,"column":43},"end":{"line":31,"column":null}},"10":{"start":{"line":32,"column":2},"end":{"line":32,"column":null}},"11":{"start":{"line":33,"column":2},"end":{"line":36,"column":null}},"12":{"start":{"line":34,"column":4},"end":{"line":34,"column":null}},"13":{"start":{"line":35,"column":4},"end":{"line":35,"column":null}},"14":{"start":{"line":40,"column":31},"end":{"line":40,"column":null}},"15":{"start":{"line":41,"column":27},"end":{"line":41,"column":null}},"16":{"start":{"line":42,"column":2},"end":{"line":60,"column":null}},"17":{"start":{"line":43,"column":4},"end":{"line":43,"column":null}},"18":{"start":{"line":44,"column":4},"end":{"line":44,"column":null}},"19":{"start":{"line":46,"column":4},"end":{"line":56,"column":null}},"20":{"start":{"line":52,"column":8},"end":{"line":54,"column":null}},"21":{"start":{"line":55,"column":8},"end":{"line":55,"column":null}},"22":{"start":{"line":58,"column":4},"end":{"line":58,"column":null}},"23":{"start":{"line":59,"column":4},"end":{"line":59,"column":null}},"24":{"start":{"line":64,"column":40},"end":{"line":64,"column":null}},"25":{"start":{"line":65,"column":29},"end":{"line":65,"column":null}},"26":{"start":{"line":66,"column":2},"end":{"line":81,"column":null}},"27":{"start":{"line":68,"column":6},"end":{"line":70,"column":null}},"28":{"start":{"line":69,"column":8},"end":{"line":69,"column":null}},"29":{"start":{"line":73,"column":6},"end":{"line":75,"column":null}},"30":{"start":{"line":74,"column":8},"end":{"line":74,"column":null}},"31":{"start":{"line":77,"column":6},"end":{"line":79,"column":null}},"32":{"start":{"line":80,"column":6},"end":{"line":80,"column":null}}},"fnMap":{"0":{"name":"fkDelete","decl":{"start":{"line":9,"column":24},"end":{"line":9,"column":49}},"loc":{"start":{"line":9,"column":60},"end":{"line":23,"column":null}}},"1":{"name":"deleteDb","decl":{"start":{"line":24,"column":9},"end":{"line":24,"column":18}},"loc":{"start":{"line":24,"column":39},"end":{"line":28,"column":null}}},"2":{"name":"deleteCollection","decl":{"start":{"line":30,"column":9},"end":{"line":30,"column":26}},"loc":{"start":{"line":30,"column":59},"end":{"line":37,"column":null}}},"3":{"name":"_deleteFromQueue","decl":{"start":{"line":39,"column":9},"end":{"line":39,"column":26}},"loc":{"start":{"line":39,"column":59},"end":{"line":61,"column":null}}},"4":{"name":"(anonymous_4)","decl":{"start":{"line":51,"column":12},"end":{"line":51,"column":18}},"loc":{"start":{"line":51,"column":18},"end":{"line":56,"column":7}}},"5":{"name":"deleteDataById","decl":{"start":{"line":63,"column":9},"end":{"line":63,"column":27}},"loc":{"start":{"line":63,"column":54},"end":{"line":82,"column":null}}},"6":{"name":"(anonymous_6)","decl":{"start":{"line":67,"column":22},"end":{"line":67,"column":23}},"loc":{"start":{"line":67,"column":39},"end":{"line":71,"column":5}}},"7":{"name":"(anonymous_7)","decl":{"start":{"line":72,"column":10},"end":{"line":72,"column":16}},"loc":{"start":{"line":72,"column":16},"end":{"line":81,"column":5}}},"8":{"name":"(anonymous_8)","decl":{"start":{"line":73,"column":25},"end":{"line":73,"column":26}},"loc":{"start":{"line":73,"column":34},"end":{"line":75,"column":7}}}},"branchMap":{"0":{"loc":{"start":{"line":10,"column":2},"end":{"line":13,"column":null}},"type":"if","locations":[{"start":{"line":10,"column":2},"end":{"line":13,"column":null}},{"start":{},"end":{}}]},"1":{"loc":{"start":{"line":14,"column":2},"end":{"line":22,"column":null}},"type":"if","locations":[{"start":{"line":14,"column":2},"end":{"line":22,"column":null}},{"start":{},"end":{}}]},"2":{"loc":{"start":{"line":15,"column":4},"end":{"line":21,"column":null}},"type":"if","locations":[{"start":{"line":15,"column":4},"end":{"line":21,"column":null}},{"start":{"line":18,"column":11},"end":{"line":21,"column":null}}]},"3":{"loc":{"start":{"line":33,"column":2},"end":{"line":36,"column":null}},"type":"if","locations":[{"start":{"line":33,"column":2},"end":{"line":36,"column":null}},{"start":{},"end":{}}]},"4":{"loc":{"start":{"line":42,"column":2},"end":{"line":60,"column":null}},"type":"if","locations":[{"start":{"line":42,"column":2},"end":{"line":60,"column":null}},{"start":{"line":57,"column":9},"end":{"line":60,"column":null}}]},"5":{"loc":{"start":{"line":68,"column":6},"end":{"line":70,"column":null}},"type":"if","locations":[{"start":{"line":68,"column":6},"end":{"line":70,"column":null}},{"start":{},"end":{}}]}},"s":{"0":6,"1":2,"2":4,"3":4,"4":2,"5":2,"6":2,"7":2,"8":2,"9":2,"10":2,"11":2,"12":2,"13":2,"14":4,"15":4,"16":4,"17":2,"18":2,"19":2,"20":2,"21":2,"22":2,"23":2,"24":2,"25":2,"26":2,"27":20,"28":2,"29":2,"30":2,"31":2,"32":2},"f":{"0":6,"1":2,"2":2,"3":4,"4":2,"5":2,"6":20,"7":2,"8":2},"b":{"0":[2,4],"1":[4,0],"2":[2,2],"3":[2,0],"4":[2,2],"5":[2,18]}}
,"D:/js_project/my-Local-base/browser-base/src/api/actions/get.ts": {"path":"D:/js_project/my-Local-base/browser-base/src/api/actions/get.ts","statementMap":{"0":{"start":{"line":8,"column":2},"end":{"line":19,"column":null}},"1":{"start":{"line":9,"column":4},"end":{"line":18,"column":null}},"2":{"start":{"line":10,"column":6},"end":{"line":12,"column":null}},"3":{"start":{"line":11,"column":8},"end":{"line":11,"column":null}},"4":{"start":{"line":14,"column":6},"end":{"line":14,"column":null}},"5":{"start":{"line":17,"column":6},"end":{"line":17,"column":null}},"6":{"start":{"line":23,"column":31},"end":{"line":23,"column":null}},"7":{"start":{"line":24,"column":37},"end":{"line":24,"column":null}},"8":{"start":{"line":25,"column":2},"end":{"line":35,"column":null}},"9":{"start":{"line":27,"column":6},"end":{"line":30,"column":null}},"10":{"start":{"line":33,"column":6},"end":{"line":33,"column":null}},"11":{"start":{"line":34,"column":6},"end":{"line":34,"column":null}},"12":{"start":{"line":41,"column":40},"end":{"line":41,"column":null}},"13":{"start":{"line":42,"column":2},"end":{"line":54,"column":null}},"14":{"start":{"line":43,"column":4},"end":{"line":46,"column":null}},"15":{"start":{"line":44,"column":6},"end":{"line":44,"column":null}},"16":{"start":{"line":45,"column":6},"end":{"line":45,"column":null}},"17":{"start":{"line":47,"column":20},"end":{"line":50,"column":null}},"18":{"start":{"line":51,"column":4},"end":{"line":51,"column":null}},"19":{"start":{"line":52,"column":4},"end":{"line":52,"column":null}},"20":{"start":{"line":53,"column":4},"end":{"line":53,"column":null}},"21":{"start":{"line":58,"column":40},"end":{"line":58,"column":null}},"22":{"start":{"line":60,"column":37},"end":{"line":60,"column":null}},"23":{"start":{"line":61,"column":2},"end":{"line":95,"column":null}},"24":{"start":{"line":63,"column":6},"end":{"line":66,"column":null}},"25":{"start":{"line":71,"column":6},"end":{"line":75,"column":null}},"26":{"start":{"line":73,"column":8},"end":{"line":73,"column":null}},"27":{"start":{"line":74,"column":8},"end":{"line":74,"column":null}},"28":{"start":{"line":77,"column":6},"end":{"line":83,"column":null}},"29":{"start":{"line":78,"column":8},"end":{"line":82,"column":null}},"30":{"start":{"line":79,"column":10},"end":{"line":81,"column":null}},"31":{"start":{"line":85,"column":6},"end":{"line":87,"column":null}},"32":{"start":{"line":86,"column":8},"end":{"line":86,"column":null}},"33":{"start":{"line":89,"column":6},"end":{"line":92,"column":null}},"34":{"start":{"line":90,"column":8},"end":{"line":90,"column":null}},"35":{"start":{"line":91,"column":8},"end":{"line":91,"column":null}},"36":{"start":{"line":93,"column":6},"end":{"line":93,"column":null}},"37":{"start":{"line":94,"column":6},"end":{"line":94,"column":null}}},"fnMap":{"0":{"name":"get","decl":{"start":{"line":7,"column":30},"end":{"line":7,"column":37}},"loc":{"start":{"line":7,"column":48},"end":{"line":20,"column":null}}},"1":{"name":"getAll","decl":{"start":{"line":22,"column":15},"end":{"line":22,"column":25}},"loc":{"start":{"line":22,"column":78},"end":{"line":36,"column":null}}},"2":{"name":"(anonymous_2)","decl":{"start":{"line":26,"column":22},"end":{"line":26,"column":23}},"loc":{"start":{"line":26,"column":38},"end":{"line":31,"column":5}}},"3":{"name":"(anonymous_3)","decl":{"start":{"line":32,"column":10},"end":{"line":32,"column":16}},"loc":{"start":{"line":32,"column":16},"end":{"line":35,"column":5}}},"4":{"name":"getByKey","decl":{"start":{"line":38,"column":15},"end":{"line":38,"column":null}},"loc":{"start":{"line":40,"column":35},"end":{"line":55,"column":null}}},"5":{"name":"(anonymous_5)","decl":{"start":{"line":42,"column":51},"end":{"line":42,"column":52}},"loc":{"start":{"line":42,"column":61},"end":{"line":54,"column":3}}},"6":{"name":"getByFilter","decl":{"start":{"line":57,"column":15},"end":{"line":57,"column":30}},"loc":{"start":{"line":57,"column":57},"end":{"line":96,"column":null}}},"7":{"name":"(anonymous_7)","decl":{"start":{"line":62,"column":22},"end":{"line":62,"column":23}},"loc":{"start":{"line":62,"column":38},"end":{"line":67,"column":5}}},"8":{"name":"(anonymous_8)","decl":{"start":{"line":68,"column":10},"end":{"line":68,"column":16}},"loc":{"start":{"line":68,"column":16},"end":{"line":95,"column":5}}},"9":{"name":"(anonymous_9)","decl":{"start":{"line":78,"column":39},"end":{"line":78,"column":40}},"loc":{"start":{"line":79,"column":10},"end":{"line":81,"column":null}}}},"branchMap":{"0":{"loc":{"start":{"line":8,"column":2},"end":{"line":19,"column":null}},"type":"if","locations":[{"start":{"line":8,"column":2},"end":{"line":19,"column":null}},{"start":{},"end":{}}]},"1":{"loc":{"start":{"line":9,"column":4},"end":{"line":18,"column":null}},"type":"if","locations":[{"start":{"line":9,"column":4},"end":{"line":18,"column":null}},{"start":{"line":15,"column":11},"end":{"line":18,"column":null}}]},"2":{"loc":{"start":{"line":10,"column":6},"end":{"line":12,"column":null}},"type":"if","locations":[{"start":{"line":10,"column":6},"end":{"line":12,"column":null}},{"start":{},"end":{}}]},"3":{"loc":{"start":{"line":43,"column":4},"end":{"line":46,"column":null}},"type":"if","locations":[{"start":{"line":43,"column":4},"end":{"line":46,"column":null}},{"start":{},"end":{}}]},"4":{"loc":{"start":{"line":71,"column":6},"end":{"line":75,"column":null}},"type":"if","locations":[{"start":{"line":71,"column":6},"end":{"line":75,"column":null}},{"start":{},"end":{}}]},"5":{"loc":{"start":{"line":77,"column":6},"end":{"line":83,"column":null}},"type":"if","locations":[{"start":{"line":77,"column":6},"end":{"line":83,"column":null}},{"start":{},"end":{}}]},"6":{"loc":{"start":{"line":77,"column":10},"end":{"line":77,"column":70}},"type":"binary-expr","locations":[{"start":{"line":77,"column":10},"end":{"line":77,"column":30}},{"start":{"line":77,"column":30},"end":{"line":77,"column":70}}]},"7":{"loc":{"start":{"line":85,"column":6},"end":{"line":87,"column":null}},"type":"if","locations":[{"start":{"line":85,"column":6},"end":{"line":87,"column":null}},{"start":{},"end":{}}]},"8":{"loc":{"start":{"line":89,"column":6},"end":{"line":92,"column":null}},"type":"if","locations":[{"start":{"line":89,"column":6},"end":{"line":92,"column":null}},{"start":{},"end":{}}]},"9":{"loc":{"start":{"line":89,"column":10},"end":{"line":89,"column":23}},"type":"binary-expr","locations":[{"start":{"line":89,"column":10},"end":{"line":89,"column":18}},{"start":{"line":89,"column":18},"end":{"line":89,"column":23}}]}},"s":{"0":20,"1":20,"2":8,"3":2,"4":6,"5":12,"6":12,"7":12,"8":12,"9":80,"10":12,"11":12,"12":2,"13":2,"14":2,"15":0,"16":0,"17":2,"18":2,"19":2,"20":2,"21":6,"22":6,"23":6,"24":60,"25":6,"26":6,"27":6,"28":6,"29":2,"30":18,"31":6,"32":2,"33":6,"34":6,"35":6,"36":0,"37":0},"f":{"0":20,"1":12,"2":80,"3":12,"4":2,"5":2,"6":6,"7":60,"8":6,"9":18},"b":{"0":[20,0],"1":[8,12],"2":[2,6],"3":[0,2],"4":[6,0],"5":[2,4],"6":[6,2],"7":[2,4],"8":[6,0],"9":[6,2]}}
,"D:/js_project/my-Local-base/browser-base/src/api/actions/set.ts": {"path":"D:/js_project/my-Local-base/browser-base/src/api/actions/set.ts","statementMap":{"0":{"start":{"line":16,"column":40},"end":{"line":16,"column":null}},"1":{"start":{"line":17,"column":2},"end":{"line":49,"column":null}},"2":{"start":{"line":18,"column":4},"end":{"line":48,"column":null}},"3":{"start":{"line":19,"column":6},"end":{"line":21,"column":null}},"4":{"start":{"line":23,"column":33},"end":{"line":23,"column":null}},"5":{"start":{"line":24,"column":6},"end":{"line":47,"column":null}},"6":{"start":{"line":25,"column":8},"end":{"line":27,"column":null}},"7":{"start":{"line":26,"column":10},"end":{"line":26,"column":null}},"8":{"start":{"line":29,"column":8},"end":{"line":46,"column":null}},"9":{"start":{"line":30,"column":10},"end":{"line":34,"column":null}},"10":{"start":{"line":36,"column":26},"end":{"line":40,"column":null}},"11":{"start":{"line":41,"column":39},"end":{"line":41,"column":null}},"12":{"start":{"line":42,"column":10},"end":{"line":42,"column":null}},"13":{"start":{"line":43,"column":10},"end":{"line":43,"column":null}},"14":{"start":{"line":44,"column":10},"end":{"line":44,"column":null}},"15":{"start":{"line":45,"column":10},"end":{"line":45,"column":null}}},"fnMap":{"0":{"name":"set","decl":{"start":{"line":15,"column":24},"end":{"line":15,"column":31}},"loc":{"start":{"line":15,"column":78},"end":{"line":50,"column":null}}},"1":{"name":"(anonymous_1)","decl":{"start":{"line":17,"column":21},"end":{"line":17,"column":22}},"loc":{"start":{"line":17,"column":42},"end":{"line":49,"column":3}}},"2":{"name":"(anonymous_2)","decl":{"start":{"line":24,"column":26},"end":{"line":24,"column":27}},"loc":{"start":{"line":24,"column":42},"end":{"line":28,"column":7}}},"3":{"name":"(anonymous_3)","decl":{"start":{"line":28,"column":14},"end":{"line":28,"column":20}},"loc":{"start":{"line":28,"column":20},"end":{"line":47,"column":7}}}},"branchMap":{"0":{"loc":{"start":{"line":18,"column":4},"end":{"line":48,"column":null}},"type":"if","locations":[{"start":{"line":18,"column":4},"end":{"line":48,"column":null}},{"start":{"line":22,"column":11},"end":{"line":48,"column":null}}]},"1":{"loc":{"start":{"line":25,"column":8},"end":{"line":27,"column":null}},"type":"if","locations":[{"start":{"line":25,"column":8},"end":{"line":27,"column":null}},{"start":{},"end":{}}]},"2":{"loc":{"start":{"line":29,"column":8},"end":{"line":46,"column":null}},"type":"if","locations":[{"start":{"line":29,"column":8},"end":{"line":46,"column":null}},{"start":{"line":35,"column":15},"end":{"line":46,"column":null}}]}},"s":{"0":8,"1":8,"2":8,"3":2,"4":6,"5":6,"6":12,"7":4,"8":6,"9":2,"10":4,"11":4,"12":4,"13":4,"14":4,"15":4},"f":{"0":8,"1":8,"2":12,"3":6},"b":{"0":[2,6],"1":[4,8],"2":[2,4]}}
,"D:/js_project/my-Local-base/browser-base/src/api/collection/byId.ts": {"path":"D:/js_project/my-Local-base/browser-base/src/api/collection/byId.ts","statementMap":{"0":{"start":{"line":4,"column":2},"end":{"line":12,"column":null}},"1":{"start":{"line":5,"column":4},"end":{"line":11,"column":null}},"2":{"start":{"line":13,"column":2},"end":{"line":16,"column":null}}},"fnMap":{"0":{"name":"byId","decl":{"start":{"line":3,"column":24},"end":{"line":3,"column":32}},"loc":{"start":{"line":3,"column":71},"end":{"line":17,"column":null}}}},"branchMap":{"0":{"loc":{"start":{"line":4,"column":2},"end":{"line":12,"column":null}},"type":"if","locations":[{"start":{"line":4,"column":2},"end":{"line":12,"column":null}},{"start":{},"end":{}}]}},"s":{"0":10,"1":6,"2":10},"f":{"0":10},"b":{"0":[6,4]}}
,"D:/js_project/my-Local-base/browser-base/src/api/collection/index.ts": {"path":"D:/js_project/my-Local-base/browser-base/src/api/collection/index.ts","statementMap":{"0":{"start":{"line":30,"column":20},"end":{"line":30,"column":null}},"1":{"start":{"line":31,"column":20},"end":{"line":31,"column":null}},"2":{"start":{"line":33,"column":4},"end":{"line":37,"column":null}},"3":{"start":{"line":27,"column":47},"end":{"line":27,"column":null}},"4":{"start":{"line":41,"column":4},"end":{"line":43,"column":null}},"5":{"start":{"line":42,"column":6},"end":{"line":42,"column":null}},"6":{"start":{"line":47,"column":4},"end":{"line":47,"column":null}},"7":{"start":{"line":48,"column":4},"end":{"line":48,"column":null}},"8":{"start":{"line":51,"column":4},"end":{"line":51,"column":null}},"9":{"start":{"line":52,"column":4},"end":{"line":52,"column":null}},"10":{"start":{"line":55,"column":4},"end":{"line":55,"column":null}},"11":{"start":{"line":56,"column":4},"end":{"line":56,"column":null}},"12":{"start":{"line":59,"column":4},"end":{"line":59,"column":null}},"13":{"start":{"line":60,"column":4},"end":{"line":60,"column":null}},"14":{"start":{"line":64,"column":4},"end":{"line":64,"column":null}},"15":{"start":{"line":68,"column":4},"end":{"line":68,"column":null}},"16":{"start":{"line":72,"column":4},"end":{"line":72,"column":null}},"17":{"start":{"line":75,"column":4},"end":{"line":75,"column":null}}},"fnMap":{"0":{"name":"(anonymous_0)","decl":{"start":{"line":29,"column":2},"end":{"line":29,"column":null}},"loc":{"start":{"line":32,"column":4},"end":{"line":38,"column":null}}},"1":{"name":"(anonymous_1)","decl":{"start":{"line":40,"column":9},"end":{"line":40,"column":24}},"loc":{"start":{"line":40,"column":24},"end":{"line":44,"column":null}}},"2":{"name":"(anonymous_2)","decl":{"start":{"line":46,"column":9},"end":{"line":46,"column":17}},"loc":{"start":{"line":46,"column":68},"end":{"line":49,"column":null}}},"3":{"name":"(anonymous_3)","decl":{"start":{"line":50,"column":9},"end":{"line":50,"column":15}},"loc":{"start":{"line":50,"column":30},"end":{"line":53,"column":null}}},"4":{"name":"(anonymous_4)","decl":{"start":{"line":54,"column":9},"end":{"line":54,"column":14}},"loc":{"start":{"line":54,"column":28},"end":{"line":57,"column":null}}},"5":{"name":"(anonymous_5)","decl":{"start":{"line":58,"column":9},"end":{"line":58,"column":14}},"loc":{"start":{"line":58,"column":26},"end":{"line":61,"column":null}}},"6":{"name":"(anonymous_6)","decl":{"start":{"line":63,"column":2},"end":{"line":63,"column":15}},"loc":{"start":{"line":63,"column":42},"end":{"line":65,"column":null}}},"7":{"name":"(anonymous_7)","decl":{"start":{"line":67,"column":9},"end":{"line":67,"column":18}},"loc":{"start":{"line":67,"column":18},"end":{"line":69,"column":null}}},"8":{"name":"(anonymous_8)","decl":{"start":{"line":71,"column":2},"end":{"line":71,"column":15}},"loc":{"start":{"line":71,"column":39},"end":{"line":73,"column":null}}},"9":{"name":"(anonymous_9)","decl":{"start":{"line":74,"column":2},"end":{"line":74,"column":15}},"loc":{"start":{"line":74,"column":21},"end":{"line":76,"column":null}}}},"branchMap":{"0":{"loc":{"start":{"line":41,"column":4},"end":{"line":43,"column":null}},"type":"if","locations":[{"start":{"line":41,"column":4},"end":{"line":43,"column":null}},{"start":{},"end":{}}]},"1":{"loc":{"start":{"line":46,"column":36},"end":{"line":46,"column":68}},"type":"default-arg","locations":[{"start":{"line":46,"column":60},"end":{"line":46,"column":68}}]}},"s":{"0":10,"1":10,"2":10,"3":10,"4":8,"5":8,"6":2,"7":2,"8":4,"9":4,"10":2,"11":2,"12":10,"13":10,"14":58,"15":4,"16":8,"17":20},"f":{"0":10,"1":8,"2":2,"3":4,"4":2,"5":10,"6":58,"7":4,"8":8,"9":20},"b":{"0":[8,0],"1":[0]}}
,"D:/js_project/my-Local-base/browser-base/src/api/collection/limit.ts": {"path":"D:/js_project/my-Local-base/browser-base/src/api/collection/limit.ts","statementMap":{"0":{"start":{"line":4,"column":2},"end":{"line":12,"column":null}},"1":{"start":{"line":5,"column":4},"end":{"line":11,"column":null}},"2":{"start":{"line":13,"column":2},"end":{"line":16,"column":null}}},"fnMap":{"0":{"name":"limit","decl":{"start":{"line":3,"column":24},"end":{"line":3,"column":33}},"loc":{"start":{"line":3,"column":75},"end":{"line":17,"column":null}}}},"branchMap":{"0":{"loc":{"start":{"line":4,"column":2},"end":{"line":12,"column":null}},"type":"if","locations":[{"start":{"line":4,"column":2},"end":{"line":12,"column":null}},{"start":{},"end":{}}]}},"s":{"0":4,"1":2,"2":4},"f":{"0":4},"b":{"0":[2,2]}}
,"D:/js_project/my-Local-base/browser-base/src/api/collection/orderBy.ts": {"path":"D:/js_project/my-Local-base/browser-base/src/api/collection/orderBy.ts","statementMap":{"0":{"start":{"line":8,"column":2},"end":{"line":16,"column":null}},"1":{"start":{"line":9,"column":4},"end":{"line":15,"column":null}},"2":{"start":{"line":17,"column":2},"end":{"line":21,"column":null}}},"fnMap":{"0":{"name":"orderBy","decl":{"start":{"line":3,"column":24},"end":{"line":3,"column":null}},"loc":{"start":{"line":7,"column":2},"end":{"line":22,"column":null}}}},"branchMap":{"0":{"loc":{"start":{"line":6,"column":2},"end":{"line":6,"column":null}},"type":"default-arg","locations":[{"start":{"line":6,"column":26},"end":{"line":6,"column":null}}]},"1":{"loc":{"start":{"line":8,"column":2},"end":{"line":16,"column":null}},"type":"if","locations":[{"start":{"line":8,"column":2},"end":{"line":16,"column":null}},{"start":{},"end":{}}]}},"s":{"0":2,"1":0,"2":2},"f":{"0":2},"b":{"0":[0],"1":[0,2]}}
,"D:/js_project/my-Local-base/browser-base/src/api/collection/skip.ts": {"path":"D:/js_project/my-Local-base/browser-base/src/api/collection/skip.ts","statementMap":{"0":{"start":{"line":4,"column":2},"end":{"line":12,"column":null}},"1":{"start":{"line":5,"column":4},"end":{"line":11,"column":null}},"2":{"start":{"line":14,"column":2},"end":{"line":17,"column":null}}},"fnMap":{"0":{"name":"skip","decl":{"start":{"line":3,"column":24},"end":{"line":3,"column":32}},"loc":{"start":{"line":3,"column":73},"end":{"line":18,"column":null}}}},"branchMap":{"0":{"loc":{"start":{"line":4,"column":2},"end":{"line":12,"column":null}},"type":"if","locations":[{"start":{"line":4,"column":2},"end":{"line":12,"column":null}},{"start":{},"end":{}}]}},"s":{"0":2,"1":0,"2":2},"f":{"0":2},"b":{"0":[0,2]}}
,"D:/js_project/my-Local-base/browser-base/src/utils/isSubset.ts": {"path":"D:/js_project/my-Local-base/browser-base/src/utils/isSubset.ts","statementMap":{"0":{"start":{"line":8,"column":2},"end":{"line":13,"column":null}},"1":{"start":{"line":9,"column":4},"end":{"line":11,"column":null}},"2":{"start":{"line":10,"column":6},"end":{"line":10,"column":null}},"3":{"start":{"line":12,"column":4},"end":{"line":12,"column":null}}},"fnMap":{"0":{"name":"isSubSet","decl":{"start":{"line":7,"column":24},"end":{"line":7,"column":33}},"loc":{"start":{"line":7,"column":70},"end":{"line":14,"column":null}}},"1":{"name":"(anonymous_1)","decl":{"start":{"line":8,"column":35},"end":{"line":8,"column":36}},"loc":{"start":{"line":8,"column":44},"end":{"line":13,"column":3}}}},"branchMap":{"0":{"loc":{"start":{"line":9,"column":4},"end":{"line":11,"column":null}},"type":"if","locations":[{"start":{"line":9,"column":4},"end":{"line":11,"column":null}},{"start":{},"end":{}}]}},"s":{"0":0,"1":0,"2":0,"3":0},"f":{"0":0,"1":0},"b":{"0":[0,0]}}
,"D:/js_project/my-Local-base/browser-base/src/utils/logger.ts": {"path":"D:/js_project/my-Local-base/browser-base/src/utils/logger.ts","statementMap":{"0":{"start":{"line":3,"column":19},"end":{"line":3,"column":null}},"1":{"start":{"line":9,"column":15},"end":{"line":13,"column":null}},"2":{"start":{"line":19,"column":22},"end":{"line":19,"column":48}},"3":{"start":{"line":21,"column":22},"end":{"line":21,"column":null}},"4":{"start":{"line":22,"column":4},"end":{"line":22,"column":null}},"5":{"start":{"line":30,"column":4},"end":{"line":30,"column":null}},"6":{"start":{"line":30,"column":24},"end":{"line":30,"column":null}},"7":{"start":{"line":32,"column":16},"end":{"line":32,"column":null}},"8":{"start":{"line":33,"column":4},"end":{"line":37,"column":null}},"9":{"start":{"line":34,"column":6},"end":{"line":34,"column":null}},"10":{"start":{"line":36,"column":6},"end":{"line":36,"column":null}},"11":{"start":{"line":40,"column":4},"end":{"line":40,"column":null}},"12":{"start":{"line":43,"column":4},"end":{"line":43,"column":null}},"13":{"start":{"line":47,"column":4},"end":{"line":47,"column":null}}},"fnMap":{"0":{"name":"(anonymous_0)","decl":{"start":{"line":19,"column":2},"end":{"line":19,"column":22}},"loc":{"start":{"line":19,"column":48},"end":{"line":19,"column":null}}},"1":{"name":"(anonymous_1)","decl":{"start":{"line":20,"column":10},"end":{"line":20,"column":21}},"loc":{"start":{"line":20,"column":21},"end":{"line":23,"column":null}}},"2":{"name":"(anonymous_2)","decl":{"start":{"line":25,"column":10},"end":{"line":25,"column":null}},"loc":{"start":{"line":29,"column":4},"end":{"line":38,"column":null}}},"3":{"name":"(anonymous_3)","decl":{"start":{"line":39,"column":9},"end":{"line":39,"column":31}},"loc":{"start":{"line":39,"column":60},"end":{"line":41,"column":null}}},"4":{"name":"(anonymous_4)","decl":{"start":{"line":42,"column":9},"end":{"line":42,"column":33}},"loc":{"start":{"line":42,"column":62},"end":{"line":44,"column":null}}},"5":{"name":"(anonymous_5)","decl":{"start":{"line":46,"column":9},"end":{"line":46,"column":32}},"loc":{"start":{"line":46,"column":61},"end":{"line":48,"column":null}}}},"branchMap":{"0":{"loc":{"start":{"line":22,"column":11},"end":{"line":22,"column":null}},"type":"binary-expr","locations":[{"start":{"line":22,"column":11},"end":{"line":22,"column":52}},{"start":{"line":22,"column":52},"end":{"line":22,"column":null}}]},"1":{"loc":{"start":{"line":30,"column":4},"end":{"line":30,"column":null}},"type":"if","locations":[{"start":{"line":30,"column":4},"end":{"line":30,"column":null}},{"start":{},"end":{}}]},"2":{"loc":{"start":{"line":33,"column":4},"end":{"line":37,"column":null}},"type":"if","locations":[{"start":{"line":33,"column":4},"end":{"line":37,"column":null}},{"start":{"line":35,"column":11},"end":{"line":37,"column":null}}]}},"s":{"0":10,"1":10,"2":10,"3":0,"4":0,"5":92,"6":0,"7":92,"8":92,"9":64,"10":28,"11":82,"12":4,"13":6},"f":{"0":10,"1":0,"2":92,"3":82,"4":4,"5":6},"b":{"0":[0,0],"1":[0,92],"2":[64,28]}}
}
